# JRE version: OpenJDK Runtime Environment (14.0+36) (build 14+36-1461)
# Java VM: OpenJDK 64-Bit Server VM (14+36-1461, mixed mode, sharing, tiered, compressed oops, g1 gc, windows-amd64)
Heap:
 garbage-first heap   total 260096K, used 33121K [0x0000000702e00000, 0x0000000800000000)
  region size 1024K, 32 young (32768K), 3 survivors (3072K)
 Metaspace       used 7388K, capacity 7651K, committed 7936K, reserved 1056768K
  class space    used 783K, capacity 899K, committed 1024K, reserved 1048576K
GC Heap History (6 events):
Event: 0.571 GC heap before
{Heap before GC invocations=0 (full 0):
 garbage-first heap   total 260096K, used 27648K [0x0000000702e00000, 0x0000000800000000)
  region size 1024K, 23 young (23552K), 0 survivors (0K)
 Metaspace       used 6989K, capacity 7312K, committed 7552K, reserved 1056768K
  class space    used 762K, capacity 894K, committed 896K, reserved 1048576K
}
Event: 0.574 GC heap after
{Heap after GC invocations=1 (full 0):
 garbage-first heap   total 260096K, used 5941K [0x0000000702e00000, 0x0000000800000000)
  region size 1024K, 2 young (2048K), 2 survivors (2048K)
 Metaspace       used 6989K, capacity 7312K, committed 7552K, reserved 1056768K
  class space    used 762K, capacity 894K, committed 896K, reserved 1048576K
}
Event: 0.801 GC heap before
{Heap before GC invocations=1 (full 0):
 garbage-first heap   total 260096K, used 39733K [0x0000000702e00000, 0x0000000800000000)
  region size 1024K, 35 young (35840K), 2 survivors (2048K)
 Metaspace       used 7151K, capacity 7440K, committed 7552K, reserved 1056768K
  class space    used 762K, capacity 894K, committed 896K, reserved 1048576K
}
Event: 0.804 GC heap after
{Heap after GC invocations=2 (full 0):
 garbage-first heap   total 260096K, used 4042K [0x0000000702e00000, 0x0000000800000000)
  region size 1024K, 2 young (2048K), 2 survivors (2048K)
 Metaspace       used 7151K, capacity 7440K, committed 7552K, reserved 1056768K
  class space    used 762K, capacity 894K, committed 896K, reserved 1048576K
}
Event: 1.747 GC heap before
{Heap before GC invocations=2 (full 0):
 garbage-first heap   total 260096K, used 157642K [0x0000000702e00000, 0x0000000800000000)
  region size 1024K, 152 young (155648K), 2 survivors (2048K)
 Metaspace       used 7369K, capacity 7651K, committed 7936K, reserved 1056768K
  class space    used 779K, capacity 899K, committed 1024K, reserved 1048576K
}
Event: 1.749 GC heap after
{Heap after GC invocations=3 (full 0):
 garbage-first heap   total 260096K, used 4449K [0x0000000702e00000, 0x0000000800000000)
  region size 1024K, 3 young (3072K), 3 survivors (3072K)
 Metaspace       used 7369K, capacity 7651K, committed 7936K, reserved 1056768K
  class space    used 779K, capacity 899K, committed 1024K, reserved 1048576K
}

